<?xml version="1.0" encoding="UTF-8"?>
<!-- Generated by org.testng.reporters.JUnitReportReporter -->
<testsuite hostname="Lenovo" failures="0" tests="10" name="com.invocationcount.Invocation_Count" time="0.240" errors="0" timestamp="2022-08-06T18:28:37 IST" skipped="0">
  <testcase classname="com.invocationcount.Invocation_Count" name="mani" time="0.090"/>
  <system-out/>
  <testcase classname="com.invocationcount.Invocation_Count" name="stephen" time="0.014"/>
  <system-out/>
  <testcase classname="com.invocationcount.Invocation_Count" name="stephen" time="0.010"/>
  <system-out/>
  <testcase classname="com.invocationcount.Invocation_Count" name="veera_suriya" time="0.008"/>
  <system-out/>
  <testcase classname="com.invocationcount.Invocation_Count" name="pual" time="0.007"/>
  <system-out/>
  <testcase classname="com.invocationcount.Invocation_Count" name="stephen" time="0.044"/>
  <system-out/>
  <testcase classname="com.invocationcount.Invocation_Count" name="stephen" time="0.005"/>
  <system-out/>
  <testcase classname="com.invocationcount.Invocation_Count" name="stephen" time="0.037"/>
  <system-out/>
  <testcase classname="com.invocationcount.Invocation_Count" name="stephen" time="0.008"/>
  <system-out/>
  <testcase classname="com.invocationcount.Invocation_Count" name="stephen" time="0.017"/>
  <system-out/>
</testsuite> <!-- com.invocationcount.Invocation_Count -->
