<?xml version="1.0" encoding="UTF-8"?>
<!-- Generated by org.testng.reporters.JUnitReportReporter -->
<testsuite hostname="Lenovo" failures="0" tests="4" name="com.Testng.Testngg" time="0.094" errors="0" timestamp="2022-08-01T06:40:37 IST" skipped="0">
  <testcase classname="com.Testng.Testngg" name="stephen" time="0.012"/>
  <testcase classname="com.Testng.Testngg" name="pual" time="0.011"/>
  <testcase classname="com.Testng.Testngg" name="mani" time="0.052"/>
  <testcase classname="com.Testng.Testngg" name="veera_suriya" time="0.019"/>
</testsuite> <!-- com.Testng.Testngg -->
