<?xml version="1.0" encoding="UTF-8"?>
<!-- Generated by org.testng.reporters.JUnitReportReporter -->
<testsuite hostname="Lenovo" failures="0" tests="6" name="com.Testng.Priorityy" time="0.109" errors="0" timestamp="2022-08-07T16:23:42 IST" skipped="0">
  <testcase classname="com.Testng.Priorityy" name="meeshow" time="0.029"/>
  <system-out/>
  <testcase classname="com.Testng.Priorityy" name="flipkart" time="0.013"/>
  <system-out/>
  <testcase classname="com.Testng.Priorityy" name="amazon" time="0.015"/>
  <system-out/>
  <testcase classname="com.Testng.Priorityy" name="ajio" time="0.019"/>
  <system-out/>
  <testcase classname="com.Testng.Priorityy" name="snapdeal" time="0.008"/>
  <system-out/>
  <testcase classname="com.Testng.Priorityy" name="myntra" time="0.025"/>
  <system-out/>
</testsuite> <!-- com.Testng.Priorityy -->
