<?xml version="1.0" encoding="UTF-8"?>
<!-- Generated by org.testng.reporters.JUnitReportReporter -->
<testsuite hostname="Lenovo" failures="0" tests="6" name="com.Testng.Ignoree" time="0.141" errors="0" timestamp="2022-08-21T19:12:00 IST" skipped="2">
  <testcase classname="com.Testng.Ignoree" name="myntra" time="0.010"/>
  <system-out/>
  <testcase classname="com.Testng.Ignoree" name="meeshow" time="0.050"/>
  <system-out/>
  <testcase classname="com.Testng.Ignoree" name="snapdeal" time="0.009"/>
  <system-out/>
  <testcase classname="com.Testng.Ignoree" name="ajio" time="0.072"/>
  <system-out/>
  <testcase classname="com.Testng.Ignoree" name="amazon">
    <skipped/>
  </testcase> <!-- amazon -->
  <system-out/>
  <testcase classname="com.Testng.Ignoree" name="flipkart">
    <skipped/>
  </testcase> <!-- flipkart -->
  <system-out/>
</testsuite> <!-- com.Testng.Ignoree -->
