<?xml version="1.0" encoding="UTF-8"?>
<!-- Generated by org.testng.reporters.JUnitReportReporter -->
<testsuite hostname="Lenovo" failures="0" tests="2" name="com.parallel.Parallel_Eg" time="55.021" errors="0" timestamp="2022-08-04T07:53:22 IST" skipped="0">
  <testcase classname="com.parallel.Parallel_Eg" name="facebook" time="24.171"/>
  <testcase classname="com.parallel.Parallel_Eg" name="google" time="30.850"/>
</testsuite> <!-- com.parallel.Parallel_Eg -->
