<?xml version="1.0" encoding="UTF-8"?>
<!-- Generated by org.testng.reporters.JUnitReportReporter -->
<testsuite hostname="Lenovo" failures="0" tests="1" name="com.expectedexception.Expected_Exceptione" time="0.041" errors="0" timestamp="2022-08-03T10:59:23 IST" skipped="0">
  <testcase classname="com.expectedexception.Expected_Exceptione" name="sum" time="0.041"/>
</testsuite> <!-- com.expectedexception.Expected_Exceptione -->
