<?xml version="1.0" encoding="UTF-8"?>
<!-- Generated by org.testng.reporters.JUnitReportReporter -->
<testsuite hostname="Lenovo" failures="0" tests="4" name="com.mine.Stephendevapriyan" time="0.172" errors="0" timestamp="2022-08-21T20:10:52 IST" skipped="0">
  <testcase classname="com.mine.Stephendevapriyan" name="deva" time="0.056"/>
  <system-out/>
  <testcase classname="com.mine.Stephendevapriyan" name="mani" time="0.022"/>
  <system-out/>
  <testcase classname="com.mine.Stephendevapriyan" name="paul" time="0.008"/>
  <system-out/>
  <testcase classname="com.mine.Stephendevapriyan" name="stephen" time="0.086"/>
  <system-out/>
</testsuite> <!-- com.mine.Stephendevapriyan -->
