<?xml version="1.0" encoding="UTF-8"?>
<!-- Generated by org.testng.reporters.JUnitReportReporter -->
<testsuite hostname="Lenovo" failures="0" tests="2" name="com.dependencyy.Dependencyi" time="0.079" errors="0" timestamp="2022-08-13T11:19:11 IST" skipped="0">
  <testcase classname="com.dependencyy.Dependencyi" name="usa" time="0.008"/>
  <system-out/>
  <testcase classname="com.dependencyy.Dependencyi" name="isreal" time="0.071"/>
  <system-out/>
</testsuite> <!-- com.dependencyy.Dependencyi -->
