<?xml version="1.0" encoding="UTF-8"?>
<!-- Generated by org.testng.reporters.JUnitReportReporter -->
<testsuite hostname="Lenovo" failures="0" tests="3" name="com.grouping.Group_Ex" time="0.461" errors="0" timestamp="2022-08-14T11:31:05 IST" skipped="0">
  <testcase classname="com.grouping.Group_Ex" name="USA" time="0.020"/>
  <system-out/>
  <testcase classname="com.grouping.Group_Ex" name="Isreal" time="0.428"/>
  <system-out/>
  <testcase classname="com.grouping.Group_Ex" name="London" time="0.013"/>
  <system-out/>
</testsuite> <!-- com.grouping.Group_Ex -->
