<?xml version="1.0" encoding="UTF-8"?>
<!-- Generated by org.testng.reporters.JUnitReportReporter -->
<testsuite hostname="Lenovo" failures="0" tests="1" name="com.Testng.Valdation_Vefication" time="0.064" errors="0" timestamp="2022-08-16T22:24:45 IST" skipped="0">
  <testcase classname="com.Testng.Valdation_Vefication" name="stephen" time="0.064"/>
  <system-out/>
</testsuite> <!-- com.Testng.Valdation_Vefication -->
