<?xml version="1.0" encoding="UTF-8"?>
<!-- Generated by org.testng.reporters.JUnitReportReporter -->
<testsuite hostname="Lenovo" failures="0" tests="3" name="com.data_provider.Data_Providerr" time="0.052" errors="0" timestamp="2022-08-04T18:24:17 IST" skipped="0">
  <testcase classname="com.data_provider.Data_Providerr" name="add" time="0.007"/>
  <testcase classname="com.data_provider.Data_Providerr" name="add" time="0.010"/>
  <testcase classname="com.data_provider.Data_Providerr" name="add" time="0.035"/>
</testsuite> <!-- com.data_provider.Data_Providerr -->
